2025-02-19T17:26:41.449+05:30  INFO 13828 --- [spring-boot-spring-book-order] [restartedMain] e.d.SpringBootSpringBookOrderApplication : Starting SpringBootSpringBookOrderApplication using Java 21.0.5 with PID 13828 (C:\Users\2380222\git\Project_BootStore\spring-boot-spring-book-order\target\classes started by 2380222 in C:\Users\2380222\git\Project_BootStore\spring-boot-spring-book-order)
2025-02-19T17:26:41.463+05:30  INFO 13828 --- [spring-boot-spring-book-order] [restartedMain] e.d.SpringBootSpringBookOrderApplication : No active profile set, falling back to 1 default profile: "default"
2025-02-19T17:26:41.581+05:30  INFO 13828 --- [spring-boot-spring-book-order] [restartedMain] o.s.c.c.c.ConfigServerConfigDataLoader   : Fetching config from server at : http://localhost:1234
2025-02-19T17:26:41.584+05:30  INFO 13828 --- [spring-boot-spring-book-order] [restartedMain] o.s.c.c.c.ConfigServerConfigDataLoader   : Located environment: name=spring-boot-spring-book-order, profiles=[default], label=null, version=bfebc2fa9d5ae6389c244f35d9300315ac0fbb13, state=
2025-02-19T17:26:41.588+05:30  INFO 13828 --- [spring-boot-spring-book-order] [restartedMain] .e.DevToolsPropertyDefaultsPostProcessor : Devtools property defaults active! Set 'spring.devtools.add-properties' to 'false' to disable
2025-02-19T17:26:41.589+05:30  INFO 13828 --- [spring-boot-spring-book-order] [restartedMain] .e.DevToolsPropertyDefaultsPostProcessor : For additional web related logging consider setting the 'logging.level.web' property to 'DEBUG'
2025-02-19T17:26:43.533+05:30  INFO 13828 --- [spring-boot-spring-book-order] [restartedMain] .s.d.r.c.RepositoryConfigurationDelegate : Bootstrapping Spring Data JPA repositories in DEFAULT mode.
2025-02-19T17:26:43.818+05:30  INFO 13828 --- [spring-boot-spring-book-order] [restartedMain] .s.d.r.c.RepositoryConfigurationDelegate : Finished Spring Data repository scanning in 264 ms. Found 1 JPA repository interface.
2025-02-19T17:26:44.293+05:30  INFO 13828 --- [spring-boot-spring-book-order] [restartedMain] o.s.cloud.context.scope.GenericScope     : BeanFactory id=4ba5ac9b-bfa6-31d2-95d3-5bb0ef51c867
2025-02-19T17:26:45.323+05:30  INFO 13828 --- [spring-boot-spring-book-order] [restartedMain] o.s.b.w.embedded.tomcat.TomcatWebServer  : Tomcat initialized with port 8084 (http)
2025-02-19T17:26:45.348+05:30  INFO 13828 --- [spring-boot-spring-book-order] [restartedMain] o.apache.catalina.core.StandardService   : Starting service [Tomcat]
2025-02-19T17:26:45.348+05:30  INFO 13828 --- [spring-boot-spring-book-order] [restartedMain] o.apache.catalina.core.StandardEngine    : Starting Servlet engine: [Apache Tomcat/10.1.34]
2025-02-19T17:26:45.487+05:30  INFO 13828 --- [spring-boot-spring-book-order] [restartedMain] o.a.c.c.C.[Tomcat].[localhost].[/]       : Initializing Spring embedded WebApplicationContext
2025-02-19T17:26:45.488+05:30  INFO 13828 --- [spring-boot-spring-book-order] [restartedMain] w.s.c.ServletWebServerApplicationContext : Root WebApplicationContext: initialization completed in 3898 ms
2025-02-19T17:26:45.759+05:30  INFO 13828 --- [spring-boot-spring-book-order] [restartedMain] o.hibernate.jpa.internal.util.LogHelper  : HHH000204: Processing PersistenceUnitInfo [name: default]
2025-02-19T17:26:45.870+05:30  INFO 13828 --- [spring-boot-spring-book-order] [restartedMain] org.hibernate.Version                    : HHH000412: Hibernate ORM core version 6.6.5.Final
2025-02-19T17:26:45.943+05:30  INFO 13828 --- [spring-boot-spring-book-order] [restartedMain] o.h.c.internal.RegionFactoryInitiator    : HHH000026: Second-level cache disabled
2025-02-19T17:26:46.475+05:30  INFO 13828 --- [spring-boot-spring-book-order] [restartedMain] o.s.o.j.p.SpringPersistenceUnitInfo      : No LoadTimeWeaver setup: ignoring JPA class transformer
2025-02-19T17:26:46.554+05:30  INFO 13828 --- [spring-boot-spring-book-order] [restartedMain] com.zaxxer.hikari.HikariDataSource       : HikariPool-1 - Starting...
2025-02-19T17:26:47.212+05:30  INFO 13828 --- [spring-boot-spring-book-order] [restartedMain] com.zaxxer.hikari.pool.HikariPool        : HikariPool-1 - Added connection com.mysql.cj.jdbc.ConnectionImpl@76aca8b
2025-02-19T17:26:47.216+05:30  INFO 13828 --- [spring-boot-spring-book-order] [restartedMain] com.zaxxer.hikari.HikariDataSource       : HikariPool-1 - Start completed.
2025-02-19T17:26:47.302+05:30  WARN 13828 --- [spring-boot-spring-book-order] [restartedMain] org.hibernate.orm.deprecation            : HHH90000025: MySQLDialect does not need to be specified explicitly using 'hibernate.dialect' (remove the property setting and it will be selected by default)
2025-02-19T17:26:47.331+05:30  INFO 13828 --- [spring-boot-spring-book-order] [restartedMain] org.hibernate.orm.connections.pooling    : HHH10001005: Database info:
	Database JDBC URL [Connecting through datasource 'HikariDataSource (HikariPool-1)']
	Database driver: undefined/unknown
	Database version: 8.0.40
	Autocommit mode: undefined/unknown
	Isolation level: undefined/unknown
	Minimum pool size: undefined/unknown
	Maximum pool size: undefined/unknown
2025-02-19T17:26:48.923+05:30  INFO 13828 --- [spring-boot-spring-book-order] [restartedMain] o.h.e.t.j.p.i.JtaPlatformInitiator       : HHH000489: No JTA platform available (set 'hibernate.transaction.jta.platform' to enable JTA platform integration)
2025-02-19T17:26:49.051+05:30  INFO 13828 --- [spring-boot-spring-book-order] [restartedMain] j.LocalContainerEntityManagerFactoryBean : Initialized JPA EntityManagerFactory for persistence unit 'default'
2025-02-19T17:26:49.667+05:30  WARN 13828 --- [spring-boot-spring-book-order] [restartedMain] JpaBaseConfiguration$JpaWebConfiguration : spring.jpa.open-in-view is enabled by default. Therefore, database queries may be performed during view rendering. Explicitly configure spring.jpa.open-in-view to disable this warning
2025-02-19T17:26:50.520+05:30  WARN 13828 --- [spring-boot-spring-book-order] [restartedMain] o.s.b.d.a.OptionalLiveReloadServer       : Unable to start LiveReload server
2025-02-19T17:26:50.622+05:30  INFO 13828 --- [spring-boot-spring-book-order] [restartedMain] DiscoveryClientOptionalArgsConfiguration : Eureka HTTP Client uses RestTemplate.
2025-02-19T17:26:50.699+05:30  WARN 13828 --- [spring-boot-spring-book-order] [restartedMain] iguration$LoadBalancerCaffeineWarnLogger : Spring Cloud LoadBalancer is currently working with the default cache. While this cache implementation is useful for development and tests, it's recommended to use Caffeine cache in production.You can switch to using Caffeine cache, by adding it and org.springframework.cache.caffeine.CaffeineCacheManager to the classpath.
2025-02-19T17:26:50.800+05:30  INFO 13828 --- [spring-boot-spring-book-order] [restartedMain] o.s.c.n.eureka.InstanceInfoFactory       : Setting initial instance status as: STARTING
2025-02-19T17:26:50.849+05:30  INFO 13828 --- [spring-boot-spring-book-order] [restartedMain] com.netflix.discovery.DiscoveryClient    : Initializing Eureka in region us-east-1
2025-02-19T17:26:50.858+05:30  INFO 13828 --- [spring-boot-spring-book-order] [restartedMain] c.n.d.s.r.aws.ConfigClusterResolver      : Resolving eureka endpoints via configuration
2025-02-19T17:26:50.874+05:30  INFO 13828 --- [spring-boot-spring-book-order] [restartedMain] com.netflix.discovery.DiscoveryClient    : Disable delta property : false
2025-02-19T17:26:50.874+05:30  INFO 13828 --- [spring-boot-spring-book-order] [restartedMain] com.netflix.discovery.DiscoveryClient    : Single vip registry refresh property : null
2025-02-19T17:26:50.874+05:30  INFO 13828 --- [spring-boot-spring-book-order] [restartedMain] com.netflix.discovery.DiscoveryClient    : Force full registry fetch : false
2025-02-19T17:26:50.874+05:30  INFO 13828 --- [spring-boot-spring-book-order] [restartedMain] com.netflix.discovery.DiscoveryClient    : Application is null : false
2025-02-19T17:26:50.875+05:30  INFO 13828 --- [spring-boot-spring-book-order] [restartedMain] com.netflix.discovery.DiscoveryClient    : Registered Applications size is zero : true
2025-02-19T17:26:50.875+05:30  INFO 13828 --- [spring-boot-spring-book-order] [restartedMain] com.netflix.discovery.DiscoveryClient    : Application version is -1: true
2025-02-19T17:26:50.875+05:30  INFO 13828 --- [spring-boot-spring-book-order] [restartedMain] com.netflix.discovery.DiscoveryClient    : Getting all instance registry info from the eureka server
2025-02-19T17:26:51.283+05:30  INFO 13828 --- [spring-boot-spring-book-order] [restartedMain] com.netflix.discovery.DiscoveryClient    : The response status is 200
2025-02-19T17:26:51.286+05:30  INFO 13828 --- [spring-boot-spring-book-order] [restartedMain] com.netflix.discovery.DiscoveryClient    : Starting heartbeat executor: renew interval is: 30
2025-02-19T17:26:51.290+05:30  INFO 13828 --- [spring-boot-spring-book-order] [restartedMain] c.n.discovery.InstanceInfoReplicator     : InstanceInfoReplicator onDemand update allowed rate per min is 4
2025-02-19T17:26:51.292+05:30  INFO 13828 --- [spring-boot-spring-book-order] [restartedMain] com.netflix.discovery.DiscoveryClient    : Discovery Client initialized at timestamp 1739966211292 with initial instances count: 2
2025-02-19T17:26:51.299+05:30  INFO 13828 --- [spring-boot-spring-book-order] [restartedMain] o.s.c.n.e.s.EurekaServiceRegistry        : Registering application SPRING-BOOT-SPRING-BOOK-ORDER with eureka with status UP
2025-02-19T17:26:51.300+05:30  INFO 13828 --- [spring-boot-spring-book-order] [restartedMain] com.netflix.discovery.DiscoveryClient    : Saw local status change event StatusChangeEvent [timestamp=1739966211300, current=UP, previous=STARTING]
2025-02-19T17:26:51.304+05:30  INFO 13828 --- [spring-boot-spring-book-order] [DiscoveryClient-InstanceInfoReplicator-%d] com.netflix.discovery.DiscoveryClient    : DiscoveryClient_SPRING-BOOT-SPRING-BOOK-ORDER/LTIN562462.cts.com:spring-boot-spring-book-order:8084: registering service...
2025-02-19T17:26:51.348+05:30  INFO 13828 --- [spring-boot-spring-book-order] [restartedMain] o.s.b.w.embedded.tomcat.TomcatWebServer  : Tomcat started on port 8084 (http) with context path '/'
2025-02-19T17:26:51.350+05:30  INFO 13828 --- [spring-boot-spring-book-order] [restartedMain] .s.c.n.e.s.EurekaAutoServiceRegistration : Updating port to 8084
2025-02-19T17:26:51.370+05:30  INFO 13828 --- [spring-boot-spring-book-order] [restartedMain] e.d.SpringBootSpringBookOrderApplication : Started SpringBootSpringBookOrderApplication in 12.464 seconds (process running for 14.446)
2025-02-19T17:26:51.390+05:30  INFO 13828 --- [spring-boot-spring-book-order] [DiscoveryClient-InstanceInfoReplicator-%d] com.netflix.discovery.DiscoveryClient    : DiscoveryClient_SPRING-BOOT-SPRING-BOOK-ORDER/LTIN562462.cts.com:spring-boot-spring-book-order:8084 - registration status: 204
2025-02-19T17:31:50.881+05:30  INFO 13828 --- [spring-boot-spring-book-order] [AsyncResolver-bootstrap-executor-%d] c.n.d.s.r.aws.ConfigClusterResolver      : Resolving eureka endpoints via configuration
2025-02-19T17:36:50.896+05:30  INFO 13828 --- [spring-boot-spring-book-order] [AsyncResolver-bootstrap-executor-%d] c.n.d.s.r.aws.ConfigClusterResolver      : Resolving eureka endpoints via configuration
2025-02-19T17:41:50.909+05:30  INFO 13828 --- [spring-boot-spring-book-order] [AsyncResolver-bootstrap-executor-%d] c.n.d.s.r.aws.ConfigClusterResolver      : Resolving eureka endpoints via configuration
2025-02-19T17:46:50.913+05:30  INFO 13828 --- [spring-boot-spring-book-order] [AsyncResolver-bootstrap-executor-%d] c.n.d.s.r.aws.ConfigClusterResolver      : Resolving eureka endpoints via configuration
2025-02-19T17:51:50.916+05:30  INFO 13828 --- [spring-boot-spring-book-order] [AsyncResolver-bootstrap-executor-%d] c.n.d.s.r.aws.ConfigClusterResolver      : Resolving eureka endpoints via configuration
2025-02-19T17:56:50.937+05:30  INFO 13828 --- [spring-boot-spring-book-order] [AsyncResolver-bootstrap-executor-%d] c.n.d.s.r.aws.ConfigClusterResolver      : Resolving eureka endpoints via configuration
2025-02-19T18:01:50.940+05:30  INFO 13828 --- [spring-boot-spring-book-order] [AsyncResolver-bootstrap-executor-%d] c.n.d.s.r.aws.ConfigClusterResolver      : Resolving eureka endpoints via configuration
2025-02-19T18:04:53.600+05:30  INFO 13828 --- [spring-boot-spring-book-order] [http-nio-8084-exec-1] o.apache.coyote.http11.Http11Processor   : Error parsing HTTP request header
 Note: further occurrences of HTTP request parsing errors will be logged at DEBUG level.

java.lang.IllegalArgumentException: Invalid character found in method name [0x160x030x030x010xf40x010x000x010xf00x030x03F0xfd0x8dv'00xa10xacb0xe10x1du0x1e0xc0f0xbc0x81I/0xb60xad0x9a0x8eK0x83Q0xb30xde0xa20x14cW0x000x01|0x000x000x000x010x000x020x000x030x000x040x000x050x000x060x000x070x000x080x000x090x000x0a0x000x0b0x000x0c0x000x0d0x000x0e0x000x0f0x000x100x000x110x000x120x000x130x000x140x000x150x000x160x000x170x000x180x000x190x000x1a0x000x1b0x00/0x0000x0010x0020x0030x0040x0050x0060x0070x0080x0090x00:0x00;0x00<0x00=0x00>0x00?0x00@0x00A0x00B0x00C0x00D0x00E0x00F0x00g0x00h0x00i0x00j0x00k0x00l0x00m0x000x840x000x850x000x860x000x870x000x880x000x890x000x960x000x970x000x980x000x990x000x9a0x000x9b0x000x9c0x000x9d0x000x9e0x000x9f0x000xa00x000xa10x000xa20x000xa30x000xa40x000xa50x000xa60x000xa70x000xba0x000xbb0x000xbc0x000xbd0x000xbe0x000xbf0x000xc00x000xc10x000xc20x000xc30x000xc40x000xc50x130x010x130x020x130x030x130x040x130x050xc00x010xc00x020xc00x030xc00x040xc00x050xc00x060xc00x070xc00x080xc00x090xc00x0a0xc00x0b0xc00x0c0xc00x0d0xc00x0e0xc00x0f0xc00x100xc00x110xc00x120xc00x130xc00x140xc00x150xc00x160xc00x170xc00x180xc00x190xc0#0xc0$0xc0%0xc0&0xc0'0xc0(0xc0)0xc0*0xc0+0xc0,0xc0-0xc0.0xc0/0xc000xc010xc020xc0r0xc0s0xc0t0xc0u0xc0v0xc0w0xc0x0xc0y0xc0z0xc0{0xc0|0xc0}0xc0~0xc00x7f0xc00x800xc00x810xc00x820xc00x830xc00x840xc00x850xc00x860xc00x870xc00x880xc00x890xc00x8a0xc00x8b0xc00x8c0xc00x8d0xc00x8e0xc00x8f0xc00x900xc00x910xc00x920xc00x930xc00x940xc00x950xc00x960xc00x970xc00x980xc00x990xc00x9a0xc00x9b0xcc0xa80xcc0xa90xcc0xaa0xcc0xab0xcc0xac0xcc0xad0xcc0xae0x020x000x010x00J0x000x0a0x000x0a0x000x080x000x170x000x190x000x180x000x160x000x0b0x000x040x030x000x010x020x000x0d0x0000x00.0x040x030x050x030x060x030x080x070x080x080x080x1a0x080x1b0x080x1c0x080x090x080x0a0x080x0b0x080x040x080x050x080x060x040x010x050x010x060x010x030x030x030x010x030x020x040x020x050x020x060x02...]. HTTP method names must be tokens
	at org.apache.coyote.http11.Http11InputBuffer.parseRequestLine(Http11InputBuffer.java:406) ~[tomcat-embed-core-10.1.34.jar:10.1.34]
	at org.apache.coyote.http11.Http11Processor.service(Http11Processor.java:270) ~[tomcat-embed-core-10.1.34.jar:10.1.34]
	at org.apache.coyote.AbstractProcessorLight.process(AbstractProcessorLight.java:63) ~[tomcat-embed-core-10.1.34.jar:10.1.34]
	at org.apache.coyote.AbstractProtocol$ConnectionHandler.process(AbstractProtocol.java:905) ~[tomcat-embed-core-10.1.34.jar:10.1.34]
	at org.apache.tomcat.util.net.NioEndpoint$SocketProcessor.doRun(NioEndpoint.java:1741) ~[tomcat-embed-core-10.1.34.jar:10.1.34]
	at org.apache.tomcat.util.net.SocketProcessorBase.run(SocketProcessorBase.java:52) ~[tomcat-embed-core-10.1.34.jar:10.1.34]
	at org.apache.tomcat.util.threads.ThreadPoolExecutor.runWorker(ThreadPoolExecutor.java:1190) ~[tomcat-embed-core-10.1.34.jar:10.1.34]
	at org.apache.tomcat.util.threads.ThreadPoolExecutor$Worker.run(ThreadPoolExecutor.java:659) ~[tomcat-embed-core-10.1.34.jar:10.1.34]
	at org.apache.tomcat.util.threads.TaskThread$WrappingRunnable.run(TaskThread.java:63) ~[tomcat-embed-core-10.1.34.jar:10.1.34]
	at java.base/java.lang.Thread.run(Thread.java:1583) ~[na:na]

2025-02-19T18:06:50.954+05:30  INFO 13828 --- [spring-boot-spring-book-order] [AsyncResolver-bootstrap-executor-%d] c.n.d.s.r.aws.ConfigClusterResolver      : Resolving eureka endpoints via configuration
2025-02-19T18:07:29.465+05:30  INFO 13828 --- [spring-boot-spring-book-order] [http-nio-8084-exec-6] o.a.c.c.C.[Tomcat].[localhost].[/]       : Initializing Spring DispatcherServlet 'dispatcherServlet'
2025-02-19T18:07:29.466+05:30  INFO 13828 --- [spring-boot-spring-book-order] [http-nio-8084-exec-6] o.s.web.servlet.DispatcherServlet        : Initializing Servlet 'dispatcherServlet'
2025-02-19T18:07:29.469+05:30  INFO 13828 --- [spring-boot-spring-book-order] [http-nio-8084-exec-6] o.s.web.servlet.DispatcherServlet        : Completed initialization in 1 ms
2025-02-19T18:07:29.548+05:30  WARN 13828 --- [spring-boot-spring-book-order] [http-nio-8084-exec-6] .m.m.a.ExceptionHandlerExceptionResolver : Resolved [org.springframework.web.client.HttpClientErrorException$Forbidden: 403 Forbidden on GET request for "http://localhost:8085/api/cart/1": [no body]]
2025-02-19T18:07:45.610+05:30  WARN 13828 --- [spring-boot-spring-book-order] [http-nio-8084-exec-7] .m.m.a.ExceptionHandlerExceptionResolver : Resolved [org.springframework.web.client.HttpClientErrorException$Forbidden: 403 Forbidden on DELETE request for "http://localhost:8085/api/cart/clear/1": [no body]]
2025-02-19T18:08:00.656+05:30  INFO 13828 --- [spring-boot-spring-book-order] [File Watcher] rtingClassPathChangeChangedEventListener : Restarting due to 3 class path changes (0 additions, 0 deletions, 3 modifications)
2025-02-19T18:08:00.660+05:30  INFO 13828 --- [spring-boot-spring-book-order] [Thread-1] o.s.c.n.e.s.EurekaServiceRegistry        : Unregistering application SPRING-BOOT-SPRING-BOOK-ORDER with eureka with status DOWN
2025-02-19T18:08:00.661+05:30  INFO 13828 --- [spring-boot-spring-book-order] [Thread-1] com.netflix.discovery.DiscoveryClient    : Saw local status change event StatusChangeEvent [timestamp=1739968680661, current=DOWN, previous=UP]
2025-02-19T18:08:00.661+05:30  INFO 13828 --- [spring-boot-spring-book-order] [DiscoveryClient-InstanceInfoReplicator-%d] com.netflix.discovery.DiscoveryClient    : DiscoveryClient_SPRING-BOOT-SPRING-BOOK-ORDER/LTIN562462.cts.com:spring-boot-spring-book-order:8084: registering service...
2025-02-19T18:08:00.664+05:30  INFO 13828 --- [spring-boot-spring-book-order] [Thread-1] o.s.b.w.e.tomcat.GracefulShutdown        : Commencing graceful shutdown. Waiting for active requests to complete
2025-02-19T18:08:00.672+05:30  INFO 13828 --- [spring-boot-spring-book-order] [tomcat-shutdown] o.s.b.w.e.tomcat.GracefulShutdown        : Graceful shutdown complete
2025-02-19T18:08:00.673+05:30  INFO 13828 --- [spring-boot-spring-book-order] [DiscoveryClient-InstanceInfoReplicator-%d] com.netflix.discovery.DiscoveryClient    : DiscoveryClient_SPRING-BOOT-SPRING-BOOK-ORDER/LTIN562462.cts.com:spring-boot-spring-book-order:8084 - registration status: 204
2025-02-19T18:08:00.677+05:30  INFO 13828 --- [spring-boot-spring-book-order] [Thread-1] j.LocalContainerEntityManagerFactoryBean : Closing JPA EntityManagerFactory for persistence unit 'default'
2025-02-19T18:08:00.680+05:30  INFO 13828 --- [spring-boot-spring-book-order] [Thread-1] com.zaxxer.hikari.HikariDataSource       : HikariPool-1 - Shutdown initiated...
2025-02-19T18:08:00.686+05:30  INFO 13828 --- [spring-boot-spring-book-order] [Thread-1] com.zaxxer.hikari.HikariDataSource       : HikariPool-1 - Shutdown completed.
2025-02-19T18:08:00.688+05:30  INFO 13828 --- [spring-boot-spring-book-order] [Thread-1] com.netflix.discovery.DiscoveryClient    : Shutting down DiscoveryClient ...
2025-02-19T18:08:03.690+05:30  INFO 13828 --- [spring-boot-spring-book-order] [Thread-1] com.netflix.discovery.DiscoveryClient    : Unregistering ...
2025-02-19T18:08:03.698+05:30  INFO 13828 --- [spring-boot-spring-book-order] [Thread-1] com.netflix.discovery.DiscoveryClient    : DiscoveryClient_SPRING-BOOT-SPRING-BOOK-ORDER/LTIN562462.cts.com:spring-boot-spring-book-order:8084 - deregister  status: 200
2025-02-19T18:08:03.699+05:30  INFO 13828 --- [spring-boot-spring-book-order] [Thread-1] com.netflix.discovery.DiscoveryClient    : Completed shut down of DiscoveryClient
2025-02-19T18:08:05.246+05:30  INFO 13828 --- [spring-boot-spring-book-order] [restartedMain] e.d.SpringBootSpringBookOrderApplication : Starting SpringBootSpringBookOrderApplication using Java 21.0.5 with PID 13828 (C:\Users\2380222\git\Project_BootStore\spring-boot-spring-book-order\target\classes started by 2380222 in C:\Users\2380222\git\Project_BootStore\spring-boot-spring-book-order)
2025-02-19T18:08:05.246+05:30  INFO 13828 --- [spring-boot-spring-book-order] [restartedMain] e.d.SpringBootSpringBookOrderApplication : No active profile set, falling back to 1 default profile: "default"
2025-02-19T18:08:05.251+05:30  INFO 13828 --- [spring-boot-spring-book-order] [restartedMain] o.s.c.c.c.ConfigServerConfigDataLoader   : Fetching config from server at : http://localhost:1234
2025-02-19T18:08:05.251+05:30  INFO 13828 --- [spring-boot-spring-book-order] [restartedMain] o.s.c.c.c.ConfigServerConfigDataLoader   : Located environment: name=spring-boot-spring-book-order, profiles=[default], label=null, version=bfebc2fa9d5ae6389c244f35d9300315ac0fbb13, state=
2025-02-19T18:08:05.813+05:30  INFO 13828 --- [spring-boot-spring-book-order] [restartedMain] .s.d.r.c.RepositoryConfigurationDelegate : Bootstrapping Spring Data JPA repositories in DEFAULT mode.
2025-02-19T18:08:05.832+05:30  INFO 13828 --- [spring-boot-spring-book-order] [restartedMain] .s.d.r.c.RepositoryConfigurationDelegate : Finished Spring Data repository scanning in 17 ms. Found 1 JPA repository interface.
2025-02-19T18:08:05.999+05:30  INFO 13828 --- [spring-boot-spring-book-order] [restartedMain] o.s.cloud.context.scope.GenericScope     : BeanFactory id=4ba5ac9b-bfa6-31d2-95d3-5bb0ef51c867
2025-02-19T18:08:06.148+05:30  INFO 13828 --- [spring-boot-spring-book-order] [restartedMain] o.s.b.w.embedded.tomcat.TomcatWebServer  : Tomcat initialized with port 8084 (http)
2025-02-19T18:08:06.149+05:30  INFO 13828 --- [spring-boot-spring-book-order] [restartedMain] o.apache.catalina.core.StandardService   : Starting service [Tomcat]
2025-02-19T18:08:06.150+05:30  INFO 13828 --- [spring-boot-spring-book-order] [restartedMain] o.apache.catalina.core.StandardEngine    : Starting Servlet engine: [Apache Tomcat/10.1.34]
2025-02-19T18:08:06.188+05:30  INFO 13828 --- [spring-boot-spring-book-order] [restartedMain] o.a.c.c.C.[Tomcat].[localhost].[/]       : Initializing Spring embedded WebApplicationContext
2025-02-19T18:08:06.188+05:30  INFO 13828 --- [spring-boot-spring-book-order] [restartedMain] w.s.c.ServletWebServerApplicationContext : Root WebApplicationContext: initialization completed in 936 ms
2025-02-19T18:08:06.225+05:30  INFO 13828 --- [spring-boot-spring-book-order] [restartedMain] o.hibernate.jpa.internal.util.LogHelper  : HHH000204: Processing PersistenceUnitInfo [name: default]
2025-02-19T18:08:06.228+05:30  INFO 13828 --- [spring-boot-spring-book-order] [restartedMain] o.h.c.internal.RegionFactoryInitiator    : HHH000026: Second-level cache disabled
2025-02-19T18:08:06.242+05:30  INFO 13828 --- [spring-boot-spring-book-order] [restartedMain] o.s.o.j.p.SpringPersistenceUnitInfo      : No LoadTimeWeaver setup: ignoring JPA class transformer
2025-02-19T18:08:06.244+05:30  INFO 13828 --- [spring-boot-spring-book-order] [restartedMain] com.zaxxer.hikari.HikariDataSource       : HikariPool-2 - Starting...
2025-02-19T18:08:06.274+05:30  INFO 13828 --- [spring-boot-spring-book-order] [restartedMain] com.zaxxer.hikari.pool.HikariPool        : HikariPool-2 - Added connection com.mysql.cj.jdbc.ConnectionImpl@5e92291e
2025-02-19T18:08:06.274+05:30  INFO 13828 --- [spring-boot-spring-book-order] [restartedMain] com.zaxxer.hikari.HikariDataSource       : HikariPool-2 - Start completed.
2025-02-19T18:08:06.276+05:30  WARN 13828 --- [spring-boot-spring-book-order] [restartedMain] org.hibernate.orm.deprecation            : HHH90000025: MySQLDialect does not need to be specified explicitly using 'hibernate.dialect' (remove the property setting and it will be selected by default)
2025-02-19T18:08:06.277+05:30  INFO 13828 --- [spring-boot-spring-book-order] [restartedMain] org.hibernate.orm.connections.pooling    : HHH10001005: Database info:
	Database JDBC URL [Connecting through datasource 'HikariDataSource (HikariPool-2)']
	Database driver: undefined/unknown
	Database version: 8.0.40
	Autocommit mode: undefined/unknown
	Isolation level: undefined/unknown
	Minimum pool size: undefined/unknown
	Maximum pool size: undefined/unknown
2025-02-19T18:08:06.337+05:30  INFO 13828 --- [spring-boot-spring-book-order] [restartedMain] o.h.e.t.j.p.i.JtaPlatformInitiator       : HHH000489: No JTA platform available (set 'hibernate.transaction.jta.platform' to enable JTA platform integration)
2025-02-19T18:08:06.361+05:30  INFO 13828 --- [spring-boot-spring-book-order] [restartedMain] j.LocalContainerEntityManagerFactoryBean : Initialized JPA EntityManagerFactory for persistence unit 'default'
2025-02-19T18:08:06.446+05:30  WARN 13828 --- [spring-boot-spring-book-order] [restartedMain] JpaBaseConfiguration$JpaWebConfiguration : spring.jpa.open-in-view is enabled by default. Therefore, database queries may be performed during view rendering. Explicitly configure spring.jpa.open-in-view to disable this warning
2025-02-19T18:08:06.612+05:30  WARN 13828 --- [spring-boot-spring-book-order] [restartedMain] o.s.b.d.a.OptionalLiveReloadServer       : Unable to start LiveReload server
2025-02-19T18:08:06.660+05:30  INFO 13828 --- [spring-boot-spring-book-order] [restartedMain] DiscoveryClientOptionalArgsConfiguration : Eureka HTTP Client uses RestTemplate.
2025-02-19T18:08:06.676+05:30  WARN 13828 --- [spring-boot-spring-book-order] [restartedMain] iguration$LoadBalancerCaffeineWarnLogger : Spring Cloud LoadBalancer is currently working with the default cache. While this cache implementation is useful for development and tests, it's recommended to use Caffeine cache in production.You can switch to using Caffeine cache, by adding it and org.springframework.cache.caffeine.CaffeineCacheManager to the classpath.
2025-02-19T18:08:06.701+05:30  INFO 13828 --- [spring-boot-spring-book-order] [restartedMain] o.s.c.n.eureka.InstanceInfoFactory       : Setting initial instance status as: STARTING
2025-02-19T18:08:06.705+05:30  INFO 13828 --- [spring-boot-spring-book-order] [restartedMain] com.netflix.discovery.DiscoveryClient    : Initializing Eureka in region us-east-1
2025-02-19T18:08:06.705+05:30  INFO 13828 --- [spring-boot-spring-book-order] [restartedMain] c.n.d.s.r.aws.ConfigClusterResolver      : Resolving eureka endpoints via configuration
2025-02-19T18:08:06.705+05:30  INFO 13828 --- [spring-boot-spring-book-order] [restartedMain] com.netflix.discovery.DiscoveryClient    : Disable delta property : false
2025-02-19T18:08:06.706+05:30  INFO 13828 --- [spring-boot-spring-book-order] [restartedMain] com.netflix.discovery.DiscoveryClient    : Single vip registry refresh property : null
2025-02-19T18:08:06.706+05:30  INFO 13828 --- [spring-boot-spring-book-order] [restartedMain] com.netflix.discovery.DiscoveryClient    : Force full registry fetch : false
2025-02-19T18:08:06.706+05:30  INFO 13828 --- [spring-boot-spring-book-order] [restartedMain] com.netflix.discovery.DiscoveryClient    : Application is null : false
2025-02-19T18:08:06.706+05:30  INFO 13828 --- [spring-boot-spring-book-order] [restartedMain] com.netflix.discovery.DiscoveryClient    : Registered Applications size is zero : true
2025-02-19T18:08:06.706+05:30  INFO 13828 --- [spring-boot-spring-book-order] [restartedMain] com.netflix.discovery.DiscoveryClient    : Application version is -1: true
2025-02-19T18:08:06.706+05:30  INFO 13828 --- [spring-boot-spring-book-order] [restartedMain] com.netflix.discovery.DiscoveryClient    : Getting all instance registry info from the eureka server
2025-02-19T18:08:06.737+05:30  INFO 13828 --- [spring-boot-spring-book-order] [restartedMain] com.netflix.discovery.DiscoveryClient    : The response status is 200
2025-02-19T18:08:06.737+05:30  INFO 13828 --- [spring-boot-spring-book-order] [restartedMain] com.netflix.discovery.DiscoveryClient    : Starting heartbeat executor: renew interval is: 30
2025-02-19T18:08:06.737+05:30  INFO 13828 --- [spring-boot-spring-book-order] [restartedMain] c.n.discovery.InstanceInfoReplicator     : InstanceInfoReplicator onDemand update allowed rate per min is 4
2025-02-19T18:08:06.738+05:30  INFO 13828 --- [spring-boot-spring-book-order] [restartedMain] com.netflix.discovery.DiscoveryClient    : Discovery Client initialized at timestamp 1739968686738 with initial instances count: 5
2025-02-19T18:08:06.739+05:30  INFO 13828 --- [spring-boot-spring-book-order] [restartedMain] o.s.c.n.e.s.EurekaServiceRegistry        : Registering application SPRING-BOOT-SPRING-BOOK-ORDER with eureka with status UP
2025-02-19T18:08:06.740+05:30  INFO 13828 --- [spring-boot-spring-book-order] [restartedMain] com.netflix.discovery.DiscoveryClient    : Saw local status change event StatusChangeEvent [timestamp=1739968686740, current=UP, previous=STARTING]
2025-02-19T18:08:06.740+05:30  INFO 13828 --- [spring-boot-spring-book-order] [DiscoveryClient-InstanceInfoReplicator-%d] com.netflix.discovery.DiscoveryClient    : DiscoveryClient_SPRING-BOOT-SPRING-BOOK-ORDER/LTIN562462.cts.com:spring-boot-spring-book-order:8084: registering service...
2025-02-19T18:08:06.745+05:30  INFO 13828 --- [spring-boot-spring-book-order] [restartedMain] o.s.b.w.embedded.tomcat.TomcatWebServer  : Tomcat started on port 8084 (http) with context path '/'
2025-02-19T18:08:06.746+05:30  INFO 13828 --- [spring-boot-spring-book-order] [restartedMain] .s.c.n.e.s.EurekaAutoServiceRegistration : Updating port to 8084
2025-02-19T18:08:06.756+05:30  INFO 13828 --- [spring-boot-spring-book-order] [restartedMain] e.d.SpringBootSpringBookOrderApplication : Started SpringBootSpringBookOrderApplication in 2.954 seconds (process running for 2489.833)
2025-02-19T18:08:06.756+05:30  INFO 13828 --- [spring-boot-spring-book-order] [DiscoveryClient-InstanceInfoReplicator-%d] com.netflix.discovery.DiscoveryClient    : DiscoveryClient_SPRING-BOOT-SPRING-BOOK-ORDER/LTIN562462.cts.com:spring-boot-spring-book-order:8084 - registration status: 204
2025-02-19T18:08:06.759+05:30  INFO 13828 --- [spring-boot-spring-book-order] [restartedMain] .ConditionEvaluationDeltaLoggingListener : Condition evaluation unchanged
