2025-02-04T09:44:38.184+05:30  INFO 13092 --- [spring-boot-spring-book-management] [restartedMain] pringBootSpringBookManagementApplication : Starting SpringBootSpringBookManagementApplication using Java 21.0.5 with PID 13092 (C:\Users\2380222\git\Project_BootStore\spring-boot-spring-book-management\target\classes started by 2380222 in C:\Users\2380222\git\Project_BootStore\spring-boot-spring-book-management)
2025-02-04T09:44:38.191+05:30  INFO 13092 --- [spring-boot-spring-book-management] [restartedMain] pringBootSpringBookManagementApplication : No active profile set, falling back to 1 default profile: "default"
2025-02-04T09:44:38.245+05:30  INFO 13092 --- [spring-boot-spring-book-management] [restartedMain] o.s.c.c.c.ConfigServerConfigDataLoader   : Fetching config from server at : http://localhost:1234
2025-02-04T09:44:38.246+05:30  INFO 13092 --- [spring-boot-spring-book-management] [restartedMain] o.s.c.c.c.ConfigServerConfigDataLoader   : Located environment: name=spring-boot-spring-book-management, profiles=[default], label=null, version=bfebc2fa9d5ae6389c244f35d9300315ac0fbb13, state=
2025-02-04T09:44:38.248+05:30  INFO 13092 --- [spring-boot-spring-book-management] [restartedMain] .e.DevToolsPropertyDefaultsPostProcessor : Devtools property defaults active! Set 'spring.devtools.add-properties' to 'false' to disable
2025-02-04T09:44:38.249+05:30  INFO 13092 --- [spring-boot-spring-book-management] [restartedMain] .e.DevToolsPropertyDefaultsPostProcessor : For additional web related logging consider setting the 'logging.level.web' property to 'DEBUG'
2025-02-04T09:44:39.135+05:30  INFO 13092 --- [spring-boot-spring-book-management] [restartedMain] .s.d.r.c.RepositoryConfigurationDelegate : Bootstrapping Spring Data JPA repositories in DEFAULT mode.
2025-02-04T09:44:39.271+05:30  INFO 13092 --- [spring-boot-spring-book-management] [restartedMain] .s.d.r.c.RepositoryConfigurationDelegate : Finished Spring Data repository scanning in 126 ms. Found 1 JPA repository interface.
2025-02-04T09:44:39.462+05:30  INFO 13092 --- [spring-boot-spring-book-management] [restartedMain] o.s.cloud.context.scope.GenericScope     : BeanFactory id=b803bdb5-03f6-39c0-906d-65fd925ee626
2025-02-04T09:44:40.175+05:30  INFO 13092 --- [spring-boot-spring-book-management] [restartedMain] o.s.b.w.embedded.tomcat.TomcatWebServer  : Tomcat initialized with port 8082 (http)
2025-02-04T09:44:40.186+05:30  INFO 13092 --- [spring-boot-spring-book-management] [restartedMain] o.apache.catalina.core.StandardService   : Starting service [Tomcat]
2025-02-04T09:44:40.187+05:30  INFO 13092 --- [spring-boot-spring-book-management] [restartedMain] o.apache.catalina.core.StandardEngine    : Starting Servlet engine: [Apache Tomcat/10.1.34]
2025-02-04T09:44:40.243+05:30  INFO 13092 --- [spring-boot-spring-book-management] [restartedMain] o.a.c.c.C.[Tomcat].[localhost].[/]       : Initializing Spring embedded WebApplicationContext
2025-02-04T09:44:40.244+05:30  INFO 13092 --- [spring-boot-spring-book-management] [restartedMain] w.s.c.ServletWebServerApplicationContext : Root WebApplicationContext: initialization completed in 1995 ms
2025-02-04T09:44:40.572+05:30  INFO 13092 --- [spring-boot-spring-book-management] [restartedMain] o.hibernate.jpa.internal.util.LogHelper  : HHH000204: Processing PersistenceUnitInfo [name: default]
2025-02-04T09:44:40.647+05:30  INFO 13092 --- [spring-boot-spring-book-management] [restartedMain] org.hibernate.Version                    : HHH000412: Hibernate ORM core version 6.6.5.Final
2025-02-04T09:44:40.688+05:30  INFO 13092 --- [spring-boot-spring-book-management] [restartedMain] o.h.c.internal.RegionFactoryInitiator    : HHH000026: Second-level cache disabled
2025-02-04T09:44:41.012+05:30  INFO 13092 --- [spring-boot-spring-book-management] [restartedMain] o.s.o.j.p.SpringPersistenceUnitInfo      : No LoadTimeWeaver setup: ignoring JPA class transformer
2025-02-04T09:44:41.047+05:30  INFO 13092 --- [spring-boot-spring-book-management] [restartedMain] com.zaxxer.hikari.HikariDataSource       : HikariPool-1 - Starting...
2025-02-04T09:44:41.196+05:30  INFO 13092 --- [spring-boot-spring-book-management] [restartedMain] com.zaxxer.hikari.pool.HikariPool        : HikariPool-1 - Added connection com.mysql.cj.jdbc.ConnectionImpl@17183c3e
2025-02-04T09:44:41.198+05:30  INFO 13092 --- [spring-boot-spring-book-management] [restartedMain] com.zaxxer.hikari.HikariDataSource       : HikariPool-1 - Start completed.
2025-02-04T09:44:41.257+05:30  WARN 13092 --- [spring-boot-spring-book-management] [restartedMain] org.hibernate.orm.deprecation            : HHH90000025: MySQLDialect does not need to be specified explicitly using 'hibernate.dialect' (remove the property setting and it will be selected by default)
2025-02-04T09:44:41.273+05:30  INFO 13092 --- [spring-boot-spring-book-management] [restartedMain] org.hibernate.orm.connections.pooling    : HHH10001005: Database info:
	Database JDBC URL [Connecting through datasource 'HikariDataSource (HikariPool-1)']
	Database driver: undefined/unknown
	Database version: 8.0.40
	Autocommit mode: undefined/unknown
	Isolation level: undefined/unknown
	Minimum pool size: undefined/unknown
	Maximum pool size: undefined/unknown
2025-02-04T09:44:42.186+05:30  INFO 13092 --- [spring-boot-spring-book-management] [restartedMain] o.h.e.t.j.p.i.JtaPlatformInitiator       : HHH000489: No JTA platform available (set 'hibernate.transaction.jta.platform' to enable JTA platform integration)
2025-02-04T09:44:42.236+05:30  INFO 13092 --- [spring-boot-spring-book-management] [restartedMain] j.LocalContainerEntityManagerFactoryBean : Initialized JPA EntityManagerFactory for persistence unit 'default'
2025-02-04T09:44:42.466+05:30  INFO 13092 --- [spring-boot-spring-book-management] [restartedMain] o.s.d.j.r.query.QueryEnhancerFactory     : Hibernate is in classpath; If applicable, HQL parser will be used.
2025-02-04T09:44:43.143+05:30  WARN 13092 --- [spring-boot-spring-book-management] [restartedMain] JpaBaseConfiguration$JpaWebConfiguration : spring.jpa.open-in-view is enabled by default. Therefore, database queries may be performed during view rendering. Explicitly configure spring.jpa.open-in-view to disable this warning
2025-02-04T09:44:44.417+05:30  INFO 13092 --- [spring-boot-spring-book-management] [restartedMain] o.s.b.d.a.OptionalLiveReloadServer       : LiveReload server is running on port 35729
2025-02-04T09:44:44.464+05:30  INFO 13092 --- [spring-boot-spring-book-management] [restartedMain] DiscoveryClientOptionalArgsConfiguration : Eureka HTTP Client uses RestTemplate.
2025-02-04T09:44:44.558+05:30  WARN 13092 --- [spring-boot-spring-book-management] [restartedMain] iguration$LoadBalancerCaffeineWarnLogger : Spring Cloud LoadBalancer is currently working with the default cache. While this cache implementation is useful for development and tests, it's recommended to use Caffeine cache in production.You can switch to using Caffeine cache, by adding it and org.springframework.cache.caffeine.CaffeineCacheManager to the classpath.
2025-02-04T09:44:44.575+05:30  INFO 13092 --- [spring-boot-spring-book-management] [restartedMain] o.s.b.a.e.web.EndpointLinksResolver      : Exposing 1 endpoint beneath base path '/actuator'
2025-02-04T09:44:44.684+05:30  INFO 13092 --- [spring-boot-spring-book-management] [restartedMain] o.s.c.n.eureka.InstanceInfoFactory       : Setting initial instance status as: STARTING
2025-02-04T09:44:44.719+05:30  INFO 13092 --- [spring-boot-spring-book-management] [restartedMain] com.netflix.discovery.DiscoveryClient    : Initializing Eureka in region us-east-1
2025-02-04T09:44:44.724+05:30  INFO 13092 --- [spring-boot-spring-book-management] [restartedMain] c.n.d.s.r.aws.ConfigClusterResolver      : Resolving eureka endpoints via configuration
2025-02-04T09:44:44.736+05:30  INFO 13092 --- [spring-boot-spring-book-management] [restartedMain] com.netflix.discovery.DiscoveryClient    : Disable delta property : false
2025-02-04T09:44:44.736+05:30  INFO 13092 --- [spring-boot-spring-book-management] [restartedMain] com.netflix.discovery.DiscoveryClient    : Single vip registry refresh property : null
2025-02-04T09:44:44.737+05:30  INFO 13092 --- [spring-boot-spring-book-management] [restartedMain] com.netflix.discovery.DiscoveryClient    : Force full registry fetch : false
2025-02-04T09:44:44.737+05:30  INFO 13092 --- [spring-boot-spring-book-management] [restartedMain] com.netflix.discovery.DiscoveryClient    : Application is null : false
2025-02-04T09:44:44.737+05:30  INFO 13092 --- [spring-boot-spring-book-management] [restartedMain] com.netflix.discovery.DiscoveryClient    : Registered Applications size is zero : true
2025-02-04T09:44:44.737+05:30  INFO 13092 --- [spring-boot-spring-book-management] [restartedMain] com.netflix.discovery.DiscoveryClient    : Application version is -1: true
2025-02-04T09:44:44.737+05:30  INFO 13092 --- [spring-boot-spring-book-management] [restartedMain] com.netflix.discovery.DiscoveryClient    : Getting all instance registry info from the eureka server
2025-02-04T09:44:45.046+05:30  INFO 13092 --- [spring-boot-spring-book-management] [restartedMain] com.netflix.discovery.DiscoveryClient    : The response status is 200
2025-02-04T09:44:45.049+05:30  INFO 13092 --- [spring-boot-spring-book-management] [restartedMain] com.netflix.discovery.DiscoveryClient    : Starting heartbeat executor: renew interval is: 30
2025-02-04T09:44:45.052+05:30  INFO 13092 --- [spring-boot-spring-book-management] [restartedMain] c.n.discovery.InstanceInfoReplicator     : InstanceInfoReplicator onDemand update allowed rate per min is 4
2025-02-04T09:44:45.053+05:30  INFO 13092 --- [spring-boot-spring-book-management] [restartedMain] com.netflix.discovery.DiscoveryClient    : Discovery Client initialized at timestamp 1738642485053 with initial instances count: 1
2025-02-04T09:44:45.062+05:30  INFO 13092 --- [spring-boot-spring-book-management] [restartedMain] o.s.c.n.e.s.EurekaServiceRegistry        : Registering application SPRING-BOOT-SPRING-BOOK-MANAGEMENT with eureka with status UP
2025-02-04T09:44:45.063+05:30  INFO 13092 --- [spring-boot-spring-book-management] [restartedMain] com.netflix.discovery.DiscoveryClient    : Saw local status change event StatusChangeEvent [timestamp=1738642485063, current=UP, previous=STARTING]
2025-02-04T09:44:45.065+05:30  INFO 13092 --- [spring-boot-spring-book-management] [DiscoveryClient-InstanceInfoReplicator-%d] com.netflix.discovery.DiscoveryClient    : DiscoveryClient_SPRING-BOOT-SPRING-BOOK-MANAGEMENT/LTIN562462.cts.com:spring-boot-spring-book-management:8082: registering service...
2025-02-04T09:44:45.105+05:30  INFO 13092 --- [spring-boot-spring-book-management] [restartedMain] o.s.b.w.embedded.tomcat.TomcatWebServer  : Tomcat started on port 8082 (http) with context path '/'
2025-02-04T09:44:45.106+05:30  INFO 13092 --- [spring-boot-spring-book-management] [restartedMain] .s.c.n.e.s.EurekaAutoServiceRegistration : Updating port to 8082
2025-02-04T09:44:45.110+05:30  INFO 13092 --- [spring-boot-spring-book-management] [DiscoveryClient-InstanceInfoReplicator-%d] com.netflix.discovery.DiscoveryClient    : DiscoveryClient_SPRING-BOOT-SPRING-BOOK-MANAGEMENT/LTIN562462.cts.com:spring-boot-spring-book-management:8082 - registration status: 204
2025-02-04T09:44:45.126+05:30  INFO 13092 --- [spring-boot-spring-book-management] [restartedMain] pringBootSpringBookManagementApplication : Started SpringBootSpringBookManagementApplication in 13.484 seconds (process running for 14.239)
2025-02-04T09:44:45.781+05:30  INFO 13092 --- [spring-boot-spring-book-management] [RMI TCP Connection(6)-127.0.0.1] o.a.c.c.C.[Tomcat].[localhost].[/]       : Initializing Spring DispatcherServlet 'dispatcherServlet'
2025-02-04T09:44:45.782+05:30  INFO 13092 --- [spring-boot-spring-book-management] [RMI TCP Connection(6)-127.0.0.1] o.s.web.servlet.DispatcherServlet        : Initializing Servlet 'dispatcherServlet'
2025-02-04T09:44:45.785+05:30  INFO 13092 --- [spring-boot-spring-book-management] [RMI TCP Connection(6)-127.0.0.1] o.s.web.servlet.DispatcherServlet        : Completed initialization in 3 ms
2025-02-04T09:49:44.751+05:30  INFO 13092 --- [spring-boot-spring-book-management] [AsyncResolver-bootstrap-executor-%d] c.n.d.s.r.aws.ConfigClusterResolver      : Resolving eureka endpoints via configuration
2025-02-04T09:54:44.759+05:30  INFO 13092 --- [spring-boot-spring-book-management] [AsyncResolver-bootstrap-executor-%d] c.n.d.s.r.aws.ConfigClusterResolver      : Resolving eureka endpoints via configuration
2025-02-04T09:59:44.776+05:30  INFO 13092 --- [spring-boot-spring-book-management] [AsyncResolver-bootstrap-executor-%d] c.n.d.s.r.aws.ConfigClusterResolver      : Resolving eureka endpoints via configuration
2025-02-04T10:04:44.788+05:30  INFO 13092 --- [spring-boot-spring-book-management] [AsyncResolver-bootstrap-executor-%d] c.n.d.s.r.aws.ConfigClusterResolver      : Resolving eureka endpoints via configuration
2025-02-04T10:09:44.791+05:30  INFO 13092 --- [spring-boot-spring-book-management] [AsyncResolver-bootstrap-executor-%d] c.n.d.s.r.aws.ConfigClusterResolver      : Resolving eureka endpoints via configuration
2025-02-04T10:14:44.798+05:30  INFO 13092 --- [spring-boot-spring-book-management] [AsyncResolver-bootstrap-executor-%d] c.n.d.s.r.aws.ConfigClusterResolver      : Resolving eureka endpoints via configuration
2025-02-04T10:19:44.804+05:30  INFO 13092 --- [spring-boot-spring-book-management] [AsyncResolver-bootstrap-executor-%d] c.n.d.s.r.aws.ConfigClusterResolver      : Resolving eureka endpoints via configuration
2025-02-04T10:24:44.813+05:30  INFO 13092 --- [spring-boot-spring-book-management] [AsyncResolver-bootstrap-executor-%d] c.n.d.s.r.aws.ConfigClusterResolver      : Resolving eureka endpoints via configuration
2025-02-04T10:29:44.826+05:30  INFO 13092 --- [spring-boot-spring-book-management] [AsyncResolver-bootstrap-executor-%d] c.n.d.s.r.aws.ConfigClusterResolver      : Resolving eureka endpoints via configuration
2025-02-04T10:34:44.835+05:30  INFO 13092 --- [spring-boot-spring-book-management] [AsyncResolver-bootstrap-executor-%d] c.n.d.s.r.aws.ConfigClusterResolver      : Resolving eureka endpoints via configuration
2025-02-04T10:39:44.861+05:30  INFO 13092 --- [spring-boot-spring-book-management] [AsyncResolver-bootstrap-executor-%d] c.n.d.s.r.aws.ConfigClusterResolver      : Resolving eureka endpoints via configuration
2025-02-04T10:44:44.873+05:30  INFO 13092 --- [spring-boot-spring-book-management] [AsyncResolver-bootstrap-executor-%d] c.n.d.s.r.aws.ConfigClusterResolver      : Resolving eureka endpoints via configuration
2025-02-04T10:49:44.879+05:30  INFO 13092 --- [spring-boot-spring-book-management] [AsyncResolver-bootstrap-executor-%d] c.n.d.s.r.aws.ConfigClusterResolver      : Resolving eureka endpoints via configuration
2025-02-04T10:54:44.892+05:30  INFO 13092 --- [spring-boot-spring-book-management] [AsyncResolver-bootstrap-executor-%d] c.n.d.s.r.aws.ConfigClusterResolver      : Resolving eureka endpoints via configuration
2025-02-04T10:59:44.905+05:30  INFO 13092 --- [spring-boot-spring-book-management] [AsyncResolver-bootstrap-executor-%d] c.n.d.s.r.aws.ConfigClusterResolver      : Resolving eureka endpoints via configuration
2025-02-04T11:20:47.833+05:30  WARN 13092 --- [spring-boot-spring-book-management] [HikariPool-1 housekeeper] com.zaxxer.hikari.pool.HikariPool        : HikariPool-1 - Thread starvation or clock leap detected (housekeeper delta=19m2s155ms897µs200ns).
2025-02-04T11:23:20.112+05:30  INFO 13092 --- [spring-boot-spring-book-management] [AsyncResolver-bootstrap-executor-%d] c.n.d.s.r.aws.ConfigClusterResolver      : Resolving eureka endpoints via configuration
2025-02-04T11:28:20.124+05:30  INFO 13092 --- [spring-boot-spring-book-management] [AsyncResolver-bootstrap-executor-%d] c.n.d.s.r.aws.ConfigClusterResolver      : Resolving eureka endpoints via configuration
2025-02-04T11:33:20.127+05:30  INFO 13092 --- [spring-boot-spring-book-management] [AsyncResolver-bootstrap-executor-%d] c.n.d.s.r.aws.ConfigClusterResolver      : Resolving eureka endpoints via configuration
2025-02-04T11:38:20.138+05:30  INFO 13092 --- [spring-boot-spring-book-management] [AsyncResolver-bootstrap-executor-%d] c.n.d.s.r.aws.ConfigClusterResolver      : Resolving eureka endpoints via configuration
2025-02-04T11:43:20.161+05:30  INFO 13092 --- [spring-boot-spring-book-management] [AsyncResolver-bootstrap-executor-%d] c.n.d.s.r.aws.ConfigClusterResolver      : Resolving eureka endpoints via configuration
2025-02-04T11:48:20.164+05:30  INFO 13092 --- [spring-boot-spring-book-management] [AsyncResolver-bootstrap-executor-%d] c.n.d.s.r.aws.ConfigClusterResolver      : Resolving eureka endpoints via configuration
2025-02-04T11:53:20.169+05:30  INFO 13092 --- [spring-boot-spring-book-management] [AsyncResolver-bootstrap-executor-%d] c.n.d.s.r.aws.ConfigClusterResolver      : Resolving eureka endpoints via configuration
2025-02-04T11:57:57.562+05:30  INFO 13092 --- [spring-boot-spring-book-management] [http-nio-8082-exec-1] com.example.demo.aop.LoggingAspect       : A method in BookService is about to be executed. Method: getBookById, Arguments: [6]
2025-02-04T11:57:57.641+05:30  INFO 13092 --- [spring-boot-spring-book-management] [http-nio-8082-exec-1] com.example.demo.aop.LoggingAspect       : A method in BookService has executed successfully. Method: getBookById, Result: Optional[Book(id=6, title=Can't Hurt Me, author=David Goggins, genre=Autobiography, price=12.35)]
2025-02-04T11:58:20.179+05:30  INFO 13092 --- [spring-boot-spring-book-management] [AsyncResolver-bootstrap-executor-%d] c.n.d.s.r.aws.ConfigClusterResolver      : Resolving eureka endpoints via configuration
2025-02-04T12:03:20.181+05:30  INFO 13092 --- [spring-boot-spring-book-management] [AsyncResolver-bootstrap-executor-%d] c.n.d.s.r.aws.ConfigClusterResolver      : Resolving eureka endpoints via configuration
2025-02-04T12:08:20.185+05:30  INFO 13092 --- [spring-boot-spring-book-management] [AsyncResolver-bootstrap-executor-%d] c.n.d.s.r.aws.ConfigClusterResolver      : Resolving eureka endpoints via configuration
2025-02-04T12:13:20.189+05:30  INFO 13092 --- [spring-boot-spring-book-management] [AsyncResolver-bootstrap-executor-%d] c.n.d.s.r.aws.ConfigClusterResolver      : Resolving eureka endpoints via configuration
2025-02-04T12:18:20.195+05:30  INFO 13092 --- [spring-boot-spring-book-management] [AsyncResolver-bootstrap-executor-%d] c.n.d.s.r.aws.ConfigClusterResolver      : Resolving eureka endpoints via configuration
2025-02-04T12:26:14.821+05:30  WARN 13092 --- [spring-boot-spring-book-management] [HikariPool-1 housekeeper] com.zaxxer.hikari.pool.HikariPool        : HikariPool-1 - Thread starvation or clock leap detected (housekeeper delta=3m55s972ms17µs100ns).
2025-02-04T12:26:46.179+05:30  INFO 13092 --- [spring-boot-spring-book-management] [AsyncResolver-bootstrap-executor-%d] c.n.d.s.r.aws.ConfigClusterResolver      : Resolving eureka endpoints via configuration
